TN:
SF:src\controllers\auth.js
FN:6,authRegisterController
FN:19,discord_verify_func
FNF:2
FNH:2
FNDA:2,authRegisterController
FNDA:2,discord_verify_func
DA:1,1
DA:2,1
DA:3,1
DA:4,1
DA:5,1
DA:6,2
DA:7,2
DA:8,2
DA:9,2
DA:10,1
DA:11,1
DA:12,1
DA:13,1
DA:14,1
DA:15,1
DA:16,1
DA:17,1
DA:18,1
DA:19,2
DA:20,2
DA:21,2
DA:22,2
DA:23,2
DA:24,1
DA:25,1
DA:26,1
DA:27,1
DA:28,1
DA:29,1
DA:30,2
DA:31,2
DA:32,0
DA:33,0
DA:34,2
DA:35,1
DA:36,1
LF:36
LH:34
BRDA:6,0,0,2
BRDA:9,1,0,1
BRDA:19,2,0,2
BRDA:23,3,0,1
BRDA:31,4,0,0
BRF:5
BRH:4
end_of_record
TN:
SF:src\dbs\schema\discord_user_schema.js
FNF:0
FNH:0
DA:1,1
DA:2,1
DA:3,1
DA:4,1
DA:5,1
DA:6,1
DA:7,1
DA:8,1
DA:9,1
DA:10,1
DA:11,1
DA:12,1
DA:13,1
DA:14,1
DA:15,1
LF:15
LH:15
BRF:0
BRH:0
end_of_record
TN:
SF:src\dbs\schema\user_schema.js
FNF:0
FNH:0
DA:1,1
DA:2,1
DA:3,1
DA:4,1
DA:5,1
DA:6,1
DA:7,1
DA:8,1
DA:9,1
DA:10,1
DA:11,1
DA:12,1
DA:13,1
DA:14,1
DA:15,1
DA:16,1
DA:17,1
DA:18,1
DA:19,1
LF:19
LH:19
BRF:0
BRH:0
end_of_record
TN:
SF:src\utils\helper.js
FN:3,passwordEncryption
FN:8,comparePassword
FNF:2
FNH:0
FNDA:0,passwordEncryption
FNDA:0,comparePassword
DA:1,1
DA:2,1
DA:3,0
DA:4,0
DA:5,0
DA:6,0
DA:7,1
DA:8,0
DA:9,0
DA:10,0
DA:11,1
DA:12,1
DA:13,1
DA:14,1
DA:15,1
LF:15
LH:8
BRF:0
BRH:0
end_of_record
